<?xml version="1.0" encoding="UTF-8"?><testsuite errors="0" failures="0" name="com.herokuapp.restful.herokuappInfo.CreateBookingCRUDTest" skipped="0" tests="4" time="14.21" timestamp="2022-06-07T21:27:59.329+01:00[Europe/London]"><testcase classname="com.herokuapp.restful.herokuappInfo.CreateBookingCRUDTest" name="This will Auth user"/><testcase classname="com.herokuapp.restful.herokuappInfo.CreateBookingCRUDTest" name="This will Create a booking user"/><testcase classname="com.herokuapp.restful.herokuappInfo.CreateBookingCRUDTest" name="This will Update a booking"/><testcase classname="com.herokuapp.restful.herokuappInfo.CreateBookingCRUDTest" name="This will Deleted a user"/></testsuite>